<?xml version="1.0" encoding="UTF-8"?>
<!-- Generated by org.testng.reporters.JUnitReportReporter -->
<testsuite hostname="8d4193ab138a" failures="0" tests="21" name="com.example.tests.flightreservation.FlightReservationTest" time="344.180" errors="1" timestamp="2024-01-11T19:02:08 GMT" skipped="5">
  <testcase classname="com.example.tests.flightreservation.FlightReservationTest" name="registrationConfirmationTest" time="0.000">
    <skipped/>
  </testcase> <!-- registrationConfirmationTest -->
  <testcase classname="com.example.tests.flightreservation.FlightReservationTest" name="flightSearchTest" time="0.000">
    <skipped/>
  </testcase> <!-- flightSearchTest -->
  <testcase classname="com.example.tests.flightreservation.FlightReservationTest" name="userRegistrationTest" time="61.385"/>
  <testcase classname="com.example.tests.flightreservation.FlightReservationTest" name="flightSearchTest" time="6.755"/>
  <testcase classname="com.example.tests.flightreservation.FlightReservationTest" name="flightSelectionTest" time="6.580"/>
  <testcase classname="com.example.tests.flightreservation.FlightReservationTest" name="userRegistrationTest" time="61.389"/>
  <testcase classname="com.example.tests.flightreservation.FlightReservationTest" name="registrationConfirmationTest" time="8.791"/>
  <testcase classname="com.example.tests.flightreservation.FlightReservationTest" name="flightReservationConfirmationTest" time="0.000">
    <skipped/>
  </testcase> <!-- flightReservationConfirmationTest -->
  <testcase classname="com.example.tests.flightreservation.FlightReservationTest" name="flightSearchTest" time="6.737"/>
  <testcase classname="com.example.tests.flightreservation.FlightReservationTest" name="flightReservationConfirmationTest" time="6.673"/>
  <testcase classname="com.example.tests.flightreservation.FlightReservationTest" name="flightReservationConfirmationTest" time="7.040"/>
  <testcase classname="com.example.tests.flightreservation.FlightReservationTest" name="registrationConfirmationTest" time="8.725"/>
  <testcase classname="com.example.tests.flightreservation.FlightReservationTest" name="flightSearchTest" time="6.609"/>
  <testcase classname="com.example.tests.flightreservation.FlightReservationTest" name="flightSelectionTest" time="0.000">
    <skipped/>
  </testcase> <!-- flightSelectionTest -->
  <testcase classname="com.example.tests.flightreservation.FlightReservationTest" name="userRegistrationTest" time="0.000">
    <skipped/>
  </testcase> <!-- userRegistrationTest -->
  <testcase classname="com.example.tests.flightreservation.FlightReservationTest" name="flightSelectionTest" time="6.715"/>
  <testcase classname="com.example.tests.flightreservation.FlightReservationTest" name="registrationConfirmationTest" time="8.733"/>
  <testcase classname="com.example.tests.flightreservation.FlightReservationTest" name="setup" time="73.025">
    <error message="Could not start a new session. Response code 500. Message: Could not start a new session. Could not start a new session. Error while creating session with the driver service. Stopping driver service: Could not start a new session. Response code 500. Message: chrome not reachable 
Host info: host: &#039;a882a0a57a4a&#039;, ip: &#039;172.20.0.4&#039;
Build info: version: &#039;4.10.0&#039;, revision: &#039;c14d967899&#039;
System info: os.name: &#039;Linux&#039;, os.arch: &#039;amd64&#039;, os.version: &#039;5.15.133.1-microsoft-standard-WSL2&#039;, java.version: &#039;11.0.19&#039;
Driver info: driver.version: unknown
Build info: version: &#039;4.10.0&#039;, revision: &#039;c14d967899&#039;
System info: os.name: &#039;Linux&#039;, os.arch: &#039;amd64&#039;, os.version: &#039;5.15.133.1-microsoft-standard-WSL2&#039;, java.version: &#039;11.0.19&#039;
Driver info: driver.version: unknown
Build info: version: &#039;4.10.0&#039;, revision: &#039;c14d967899&#039;
System info: os.name: &#039;Linux&#039;, os.arch: &#039;amd64&#039;, os.version: &#039;5.15.133.1-microsoft-standard-WSL2&#039;, java.version: &#039;11.0.19&#039;
Driver info: driver.version: unknown
Build info: version: &#039;4.11.0&#039;, revision: &#039;040bc5406b&#039;
System info: os.name: &#039;Linux&#039;, os.arch: &#039;amd64&#039;, os.version: &#039;5.15.133.1-microsoft-standard-WSL2&#039;, java.version: &#039;17.0.9&#039;
Driver info: org.openqa.selenium.remote.RemoteWebDriver
Command: [null, newSession {capabilities=[Capabilities {browserName: chrome, goog:chromeOptions: {args: [--remote-allow-origins=*], extensions: []}}]}]
Capabilities {browserName: chrome, goog:chromeOptions: {args: [--remote-allow-origins=*], extensions: []}}" type="org.openqa.selenium.SessionNotCreatedException">
      <![CDATA[org.openqa.selenium.SessionNotCreatedException: Could not start a new session. Response code 500. Message: Could not start a new session. Could not start a new session. Error while creating session with the driver service. Stopping driver service: Could not start a new session. Response code 500. Message: chrome not reachable 
Host info: host: 'a882a0a57a4a', ip: '172.20.0.4'
Build info: version: '4.10.0', revision: 'c14d967899'
System info: os.name: 'Linux', os.arch: 'amd64', os.version: '5.15.133.1-microsoft-standard-WSL2', java.version: '11.0.19'
Driver info: driver.version: unknown
Build info: version: '4.10.0', revision: 'c14d967899'
System info: os.name: 'Linux', os.arch: 'amd64', os.version: '5.15.133.1-microsoft-standard-WSL2', java.version: '11.0.19'
Driver info: driver.version: unknown
Build info: version: '4.10.0', revision: 'c14d967899'
System info: os.name: 'Linux', os.arch: 'amd64', os.version: '5.15.133.1-microsoft-standard-WSL2', java.version: '11.0.19'
Driver info: driver.version: unknown
Build info: version: '4.11.0', revision: '040bc5406b'
System info: os.name: 'Linux', os.arch: 'amd64', os.version: '5.15.133.1-microsoft-standard-WSL2', java.version: '17.0.9'
Driver info: org.openqa.selenium.remote.RemoteWebDriver
Command: [null, newSession {capabilities=[Capabilities {browserName: chrome, goog:chromeOptions: {args: [--remote-allow-origins=*], extensions: []}}]}]
Capabilities {browserName: chrome, goog:chromeOptions: {args: [--remote-allow-origins=*], extensions: []}}
at org.openqa.selenium.remote.ProtocolHandshake.createSession(ProtocolHandshake.java:140)
at org.openqa.selenium.remote.ProtocolHandshake.createSession(ProtocolHandshake.java:96)
at org.openqa.selenium.remote.ProtocolHandshake.createSession(ProtocolHandshake.java:68)
at org.openqa.selenium.remote.HttpCommandExecutor.execute(HttpCommandExecutor.java:163)
at org.openqa.selenium.remote.TracedCommandExecutor.execute(TracedCommandExecutor.java:51)
at org.openqa.selenium.remote.RemoteWebDriver.execute(RemoteWebDriver.java:518)
at org.openqa.selenium.remote.RemoteWebDriver.startSession(RemoteWebDriver.java:232)
at org.openqa.selenium.remote.RemoteWebDriver.<init>(RemoteWebDriver.java:159)
at org.openqa.selenium.remote.RemoteWebDriver.<init>(RemoteWebDriver.java:139)
at com.example.tests.AbstractTest.getRemoteDriver(AbstractTest.java:49)
at com.example.tests.AbstractTest.setup(AbstractTest.java:35)
at java.base/jdk.internal.reflect.NativeMethodAccessorImpl.invoke0(Native Method)
at java.base/jdk.internal.reflect.NativeMethodAccessorImpl.invoke(NativeMethodAccessorImpl.java:77)
at java.base/jdk.internal.reflect.DelegatingMethodAccessorImpl.invoke(DelegatingMethodAccessorImpl.java:43)
at java.base/java.lang.reflect.Method.invoke(Method.java:568)
at org.testng.internal.invokers.MethodInvocationHelper.invokeMethod(MethodInvocationHelper.java:139)
at org.testng.internal.invokers.MethodInvocationHelper.invokeMethodConsideringTimeout(MethodInvocationHelper.java:69)
at org.testng.internal.invokers.ConfigInvoker.invokeConfigurationMethod(ConfigInvoker.java:390)
at org.testng.internal.invokers.ConfigInvoker.invokeConfigurations(ConfigInvoker.java:325)
at org.testng.TestRunner.invokeTestConfigurations(TestRunner.java:663)
at org.testng.TestRunner.beforeRun(TestRunner.java:652)
at org.testng.TestRunner.run(TestRunner.java:614)
at org.testng.SuiteRunner.runTest(SuiteRunner.java:443)
at org.testng.SuiteRunner$SuiteWorker.run(SuiteRunner.java:481)
at org.testng.internal.thread.ThreadUtil.lambda$execute$0(ThreadUtil.java:58)
at java.base/java.util.concurrent.FutureTask.run(FutureTask.java:264)
at java.base/java.util.concurrent.ThreadPoolExecutor.runWorker(ThreadPoolExecutor.java:1136)
at java.base/java.util.concurrent.ThreadPoolExecutor$Worker.run(ThreadPoolExecutor.java:635)
at java.base/java.lang.Thread.run(Thread.java:840)
]]>
    </error>
  </testcase> <!-- setup -->
  <testcase classname="com.example.tests.flightreservation.FlightReservationTest" name="userRegistrationTest" time="61.407"/>
  <testcase classname="com.example.tests.flightreservation.FlightReservationTest" name="flightSelectionTest" time="6.586"/>
  <testcase classname="com.example.tests.flightreservation.FlightReservationTest" name="flightReservationConfirmationTest" time="7.030"/>
</testsuite> <!-- com.example.tests.flightreservation.FlightReservationTest -->
